# JRE version: 7.0_11-b21
# Java VM: Java HotSpot(TM) 64-Bit Server VM (23.6-b04 mixed mode windows-amd64 compressed oops)
Heap
 PSYoungGen      total 85376K, used 40850K [0x00000000fa000000, 0x0000000100000000, 0x0000000100000000)
  eden space 75520K, 45% used [0x00000000fa000000,0x00000000fc170b90,0x00000000fe9c0000)
  from space 9856K, 67% used [0x00000000ff660000,0x00000000ffcd3d00,0x0000000100000000)
  to   space 11392K, 0% used [0x00000000fe9c0000,0x00000000fe9c0000,0x00000000ff4e0000)
 ParOldGen       total 240640K, used 131068K [0x00000000e8000000, 0x00000000f6b00000, 0x00000000fa000000)
  object space 240640K, 54% used [0x00000000e8000000,0x00000000effff130,0x00000000f6b00000)
 PSPermGen       total 116736K, used 72531K [0x00000000e0000000, 0x00000000e7200000, 0x00000000e8000000)
  object space 116736K, 62% used [0x00000000e0000000,0x00000000e46d4e18,0x00000000e7200000)
GC Heap History (10 events):
Event: 132884.333 GC heap before
{Heap before GC invocations=429 (full 5):
 PSYoungGen      total 89536K, used 88811K [0x00000000fa000000, 0x00000000ffef0000, 0x0000000100000000)
  eden space 84096K, 100% used [0x00000000fa000000,0x00000000ff220000,0x00000000ff220000)
  from space 5440K, 86% used [0x00000000ff220000,0x00000000ff6bafe0,0x00000000ff770000)
  to   space 5952K, 0% used [0x00000000ff920000,0x00000000ff920000,0x00000000ffef0000)
 ParOldGen       total 240640K, used 125732K [0x00000000e8000000, 0x00000000f6b00000, 0x00000000fa000000)
  object space 240640K, 52% used [0x00000000e8000000,0x00000000efac90b0,0x00000000f6b00000)
 PSPermGen       total 116736K, used 72431K [0x00000000e0000000, 0x00000000e7200000, 0x00000000e8000000)
  object space 116736K, 62% used [0x00000000e0000000,0x00000000e46bbe78,0x00000000e7200000)
Event: 132884.340 GC heap after
Heap after GC invocations=429 (full 5):
 PSYoungGen      total 90752K, used 3462K [0x00000000fa000000, 0x00000000ffeb0000, 0x0000000100000000)
  eden space 85056K, 0% used [0x00000000fa000000,0x00000000fa000000,0x00000000ff310000)
  from space 5696K, 60% used [0x00000000ff920000,0x00000000ffc81bc0,0x00000000ffeb0000)
  to   space 5952K, 0% used [0x00000000ff310000,0x00000000ff310000,0x00000000ff8e0000)
 ParOldGen       total 240640K, used 125732K [0x00000000e8000000, 0x00000000f6b00000, 0x00000000fa000000)
  object space 240640K, 52% used [0x00000000e8000000,0x00000000efac90b0,0x00000000f6b00000)
 PSPermGen       total 116736K, used 72431K [0x00000000e0000000, 0x00000000e7200000, 0x00000000e8000000)
  object space 116736K, 62% used [0x00000000e0000000,0x00000000e46bbe78,0x00000000e7200000)
}
Event: 132932.022 GC heap before
{Heap before GC invocations=430 (full 5):
 PSYoungGen      total 90752K, used 88518K [0x00000000fa000000, 0x00000000ffeb0000, 0x0000000100000000)
  eden space 85056K, 100% used [0x00000000fa000000,0x00000000ff310000,0x00000000ff310000)
  from space 5696K, 60% used [0x00000000ff920000,0x00000000ffc81bc0,0x00000000ffeb0000)
  to   space 5952K, 0% used [0x00000000ff310000,0x00000000ff310000,0x00000000ff8e0000)
 ParOldGen       total 240640K, used 125732K [0x00000000e8000000, 0x00000000f6b00000, 0x00000000fa000000)
  object space 240640K, 52% used [0x00000000e8000000,0x00000000efac90b0,0x00000000f6b00000)
 PSPermGen       total 116736K, used 72452K [0x00000000e0000000, 0x00000000e7200000, 0x00000000e8000000)
  object space 116736K, 62% used [0x00000000e0000000,0x00000000e46c1360,0x00000000e7200000)
Event: 132932.042 GC heap after
Heap after GC invocations=430 (full 5):
 PSYoungGen      total 91008K, used 5938K [0x00000000fa000000, 0x0000000100000000, 0x0000000100000000)
  eden space 85056K, 0% used [0x00000000fa000000,0x00000000fa000000,0x00000000ff310000)
  from space 5952K, 99% used [0x00000000ff310000,0x00000000ff8dcbd0,0x00000000ff8e0000)
  to   space 7296K, 0% used [0x00000000ff8e0000,0x00000000ff8e0000,0x0000000100000000)
 ParOldGen       total 240640K, used 127396K [0x00000000e8000000, 0x00000000f6b00000, 0x00000000fa000000)
  object space 240640K, 52% used [0x00000000e8000000,0x00000000efc690c0,0x00000000f6b00000)
 PSPermGen       total 116736K, used 72452K [0x00000000e0000000, 0x00000000e7200000, 0x00000000e8000000)
  object space 116736K, 62% used [0x00000000e0000000,0x00000000e46c1360,0x00000000e7200000)
}
Event: 132954.158 GC heap before
{Heap before GC invocations=431 (full 5):
 PSYoungGen      total 91008K, used 90994K [0x00000000fa000000, 0x0000000100000000, 0x0000000100000000)
  eden space 85056K, 100% used [0x00000000fa000000,0x00000000ff310000,0x00000000ff310000)
  from space 5952K, 99% used [0x00000000ff310000,0x00000000ff8dcbd0,0x00000000ff8e0000)
  to   space 7296K, 0% used [0x00000000ff8e0000,0x00000000ff8e0000,0x0000000100000000)
 ParOldGen       total 240640K, used 127396K [0x00000000e8000000, 0x00000000f6b00000, 0x00000000fa000000)
  object space 240640K, 52% used [0x00000000e8000000,0x00000000efc690c0,0x00000000f6b00000)
 PSPermGen       total 116736K, used 72491K [0x00000000e0000000, 0x00000000e7200000, 0x00000000e8000000)
  object space 116736K, 62% used [0x00000000e0000000,0x00000000e46cadc8,0x00000000e7200000)
Event: 132954.186 GC heap after
Heap after GC invocations=431 (full 5):
 PSYoungGen      total 86016K, used 7282K [0x00000000fa000000, 0x0000000100000000, 0x0000000100000000)
  eden space 78720K, 0% used [0x00000000fa000000,0x00000000fa000000,0x00000000fece0000)
  from space 7296K, 99% used [0x00000000ff8e0000,0x00000000ffffcbd0,0x0000000100000000)
  to   space 9792K, 0% used [0x00000000fece0000,0x00000000fece0000,0x00000000ff670000)
 ParOldGen       total 240640K, used 130804K [0x00000000e8000000, 0x00000000f6b00000, 0x00000000fa000000)
  object space 240640K, 54% used [0x00000000e8000000,0x00000000effbd0c0,0x00000000f6b00000)
 PSPermGen       total 116736K, used 72491K [0x00000000e0000000, 0x00000000e7200000, 0x00000000e8000000)
  object space 116736K, 62% used [0x00000000e0000000,0x00000000e46cadc8,0x00000000e7200000)
}
Event: 132987.589 GC heap before
{Heap before GC invocations=432 (full 5):
 PSYoungGen      total 86016K, used 86002K [0x00000000fa000000, 0x0000000100000000, 0x0000000100000000)
  eden space 78720K, 100% used [0x00000000fa000000,0x00000000fece0000,0x00000000fece0000)
  from space 7296K, 99% used [0x00000000ff8e0000,0x00000000ffffcbd0,0x0000000100000000)
  to   space 9792K, 0% used [0x00000000fece0000,0x00000000fece0000,0x00000000ff670000)
 ParOldGen       total 240640K, used 130804K [0x00000000e8000000, 0x00000000f6b00000, 0x00000000fa000000)
  object space 240640K, 54% used [0x00000000e8000000,0x00000000effbd0c0,0x00000000f6b00000)
 PSPermGen       total 116736K, used 72496K [0x00000000e0000000, 0x00000000e7200000, 0x00000000e8000000)
  object space 116736K, 62% used [0x00000000e0000000,0x00000000e46cc260,0x00000000e7200000)
Event: 132987.613 GC heap after
Heap after GC invocations=432 (full 5):
 PSYoungGen      total 88448K, used 9714K [0x00000000fa000000, 0x0000000100000000, 0x0000000100000000)
  eden space 78720K, 0% used [0x00000000fa000000,0x00000000fa000000,0x00000000fece0000)
  from space 9728K, 99% used [0x00000000fece0000,0x00000000ff65cbd0,0x00000000ff660000)
  to   space 9856K, 0% used [0x00000000ff660000,0x00000000ff660000,0x0000000100000000)
 ParOldGen       total 240640K, used 131068K [0x00000000e8000000, 0x00000000f6b00000, 0x00000000fa000000)
  object space 240640K, 54% used [0x00000000e8000000,0x00000000effff0e0,0x00000000f6b00000)
 PSPermGen       total 116736K, used 72496K [0x00000000e0000000, 0x00000000e7200000, 0x00000000e8000000)
  object space 116736K, 62% used [0x00000000e0000000,0x00000000e46cc260,0x00000000e7200000)
}
Event: 133051.278 GC heap before
{Heap before GC invocations=433 (full 5):
 PSYoungGen      total 88448K, used 88434K [0x00000000fa000000, 0x0000000100000000, 0x0000000100000000)
  eden space 78720K, 100% used [0x00000000fa000000,0x00000000fece0000,0x00000000fece0000)
  from space 9728K, 99% used [0x00000000fece0000,0x00000000ff65cbd0,0x00000000ff660000)
  to   space 9856K, 0% used [0x00000000ff660000,0x00000000ff660000,0x0000000100000000)
 ParOldGen       total 240640K, used 131068K [0x00000000e8000000, 0x00000000f6b00000, 0x00000000fa000000)
  object space 240640K, 54% used [0x00000000e8000000,0x00000000effff130,0x00000000f6b00000)
 PSPermGen       total 116736K, used 72523K [0x00000000e0000000, 0x00000000e7200000, 0x00000000e8000000)
  object space 116736K, 62% used [0x00000000e0000000,0x00000000e46d2dd8,0x00000000e7200000)
Event: 133051.290 GC heap after
Heap after GC invocations=433 (full 5):
 PSYoungGen      total 85376K, used 6607K [0x00000000fa000000, 0x0000000100000000, 0x0000000100000000)
  eden space 75520K, 0% used [0x00000000fa000000,0x00000000fa000000,0x00000000fe9c0000)
  from space 9856K, 67% used [0x00000000ff660000,0x00000000ffcd3d00,0x0000000100000000)
  to   space 11392K, 0% used [0x00000000fe9c0000,0x00000000fe9c0000,0x00000000ff4e0000)
 ParOldGen       total 240640K, used 131068K [0x00000000e8000000, 0x00000000f6b00000, 0x00000000fa000000)
  object space 240640K, 54% used [0x00000000e8000000,0x00000000effff130,0x00000000f6b00000)
 PSPermGen       total 116736K, used 72523K [0x00000000e0000000, 0x00000000e7200000, 0x00000000e8000000)
  object space 116736K, 62% used [0x00000000e0000000,0x00000000e46d2dd8,0x00000000e7200000)
}

